C:\Program Files (x86)\Microsoft Visual Studio\2019\Community\MSBuild\Microsoft\VC\v160\Microsoft.CppBuild.targets(519,5): warning MSB8028: Katalog pośredni (x64\Debug\) zawiera pliki udostępnione z innego projektu (Gry2D_zadanie4.vcxproj). Może to spowodować niepoprawne zachowanie podczas oczyszczania i ponownej kompilacji.
  main.cpp
C:\Users\Admin\Desktop\Nauka\Informatyka 2020\V semestr\projekty\sdl\Zadanie5\Gry2D_zadanie4\main.cpp(29,25): warning C4244: "inicjowanie": konwersja z "int" do "float", możliwa utrata danych
C:\Users\Admin\Desktop\Nauka\Informatyka 2020\V semestr\projekty\sdl\Zadanie5\Gry2D_zadanie4\main.cpp(29,81): warning C4244: "inicjowanie": konwersja z "int" do "float", możliwa utrata danych
C:\Users\Admin\Desktop\Nauka\Informatyka 2020\V semestr\projekty\sdl\Zadanie5\Gry2D_zadanie4\main.cpp(33,24): warning C4244: "inicjowanie": konwersja z "int" do "float", możliwa utrata danych
C:\Users\Admin\Desktop\Nauka\Informatyka 2020\V semestr\projekty\sdl\Zadanie5\Gry2D_zadanie4\main.cpp(33,84): warning C4244: "inicjowanie": konwersja z "int" do "float", możliwa utrata danych
C:\Users\Admin\Desktop\Nauka\Informatyka 2020\V semestr\projekty\sdl\Zadanie5\Gry2D_zadanie4\main.cpp(37,20): warning C4305: "inicjowanie": obcięcie z "double" do "float"
C:\Users\Admin\Desktop\Nauka\Informatyka 2020\V semestr\projekty\sdl\Zadanie5\Gry2D_zadanie4\main.cpp(85,20): warning C4305: "-=": obcięcie z "double" do "float"
C:\Users\Admin\Desktop\Nauka\Informatyka 2020\V semestr\projekty\sdl\Zadanie5\Gry2D_zadanie4\main.cpp(92,20): warning C4305: "+=": obcięcie z "double" do "float"
C:\Users\Admin\Desktop\Nauka\Informatyka 2020\V semestr\projekty\sdl\Zadanie5\Gry2D_zadanie4\main.cpp(245,32): warning C4838: konwersja z „float” do „int” wymaga konwersji zawężającej
C:\Users\Admin\Desktop\Nauka\Informatyka 2020\V semestr\projekty\sdl\Zadanie5\Gry2D_zadanie4\main.cpp(245,32): warning C4244: "inicjowanie": konwersja z "float" do "int", możliwa utrata danych
C:\Users\Admin\Desktop\Nauka\Informatyka 2020\V semestr\projekty\sdl\Zadanie5\Gry2D_zadanie4\main.cpp(245,44): warning C4838: konwersja z „float” do „int” wymaga konwersji zawężającej
C:\Users\Admin\Desktop\Nauka\Informatyka 2020\V semestr\projekty\sdl\Zadanie5\Gry2D_zadanie4\main.cpp(245,44): warning C4244: "inicjowanie": konwersja z "float" do "int", możliwa utrata danych
C:\Users\Admin\Desktop\Nauka\Informatyka 2020\V semestr\projekty\sdl\Zadanie5\Gry2D_zadanie4\main.cpp(256,57): warning C4244: "+=": konwersja z "double" do "float", możliwa utrata danych
C:\Users\Admin\Desktop\Nauka\Informatyka 2020\V semestr\projekty\sdl\Zadanie5\Gry2D_zadanie4\main.cpp(262,55): warning C4244: "-=": konwersja z "double" do "float", możliwa utrata danych
C:\Users\Admin\Desktop\Nauka\Informatyka 2020\V semestr\projekty\sdl\Zadanie5\Gry2D_zadanie4\main.cpp(267,57): warning C4244: "-=": konwersja z "double" do "float", możliwa utrata danych
C:\Users\Admin\Desktop\Nauka\Informatyka 2020\V semestr\projekty\sdl\Zadanie5\Gry2D_zadanie4\main.cpp(280,57): warning C4244: "+=": konwersja z "double" do "float", możliwa utrata danych
C:\Users\Admin\Desktop\Nauka\Informatyka 2020\V semestr\projekty\sdl\Zadanie5\Gry2D_zadanie4\main.cpp(286,55): warning C4244: "-=": konwersja z "double" do "float", możliwa utrata danych
C:\Users\Admin\Desktop\Nauka\Informatyka 2020\V semestr\projekty\sdl\Zadanie5\Gry2D_zadanie4\main.cpp(291,57): warning C4244: "-=": konwersja z "double" do "float", możliwa utrata danych
C:\Users\Admin\Desktop\Nauka\Informatyka 2020\V semestr\projekty\sdl\Zadanie5\Gry2D_zadanie4\main.cpp(297,53): warning C4838: konwersja z „float” do „int” wymaga konwersji zawężającej
C:\Users\Admin\Desktop\Nauka\Informatyka 2020\V semestr\projekty\sdl\Zadanie5\Gry2D_zadanie4\main.cpp(297,53): warning C4244: "inicjowanie": konwersja z "float" do "int", możliwa utrata danych
C:\Users\Admin\Desktop\Nauka\Informatyka 2020\V semestr\projekty\sdl\Zadanie5\Gry2D_zadanie4\main.cpp(297,64): warning C4838: konwersja z „float” do „int” wymaga konwersji zawężającej
C:\Users\Admin\Desktop\Nauka\Informatyka 2020\V semestr\projekty\sdl\Zadanie5\Gry2D_zadanie4\main.cpp(297,64): warning C4244: "inicjowanie": konwersja z "float" do "int", możliwa utrata danych
C:\Users\Admin\Desktop\Nauka\Informatyka 2020\V semestr\projekty\sdl\Zadanie5\Gry2D_zadanie4\main.cpp(308,55): warning C4244: "+=": konwersja z "double" do "float", możliwa utrata danych
C:\Users\Admin\Desktop\Nauka\Informatyka 2020\V semestr\projekty\sdl\Zadanie5\Gry2D_zadanie4\main.cpp(314,54): warning C4244: "-=": konwersja z "double" do "float", możliwa utrata danych
C:\Users\Admin\Desktop\Nauka\Informatyka 2020\V semestr\projekty\sdl\Zadanie5\Gry2D_zadanie4\main.cpp(318,57): warning C4244: "-=": konwersja z "double" do "float", możliwa utrata danych
C:\Users\Admin\Desktop\Nauka\Informatyka 2020\V semestr\projekty\sdl\Zadanie5\Gry2D_zadanie4\main.cpp(330,55): warning C4244: "+=": konwersja z "double" do "float", możliwa utrata danych
C:\Users\Admin\Desktop\Nauka\Informatyka 2020\V semestr\projekty\sdl\Zadanie5\Gry2D_zadanie4\main.cpp(336,54): warning C4244: "-=": konwersja z "double" do "float", możliwa utrata danych
C:\Users\Admin\Desktop\Nauka\Informatyka 2020\V semestr\projekty\sdl\Zadanie5\Gry2D_zadanie4\main.cpp(340,57): warning C4244: "-=": konwersja z "double" do "float", możliwa utrata danych
C:\Users\Admin\Desktop\Nauka\Informatyka 2020\V semestr\projekty\sdl\Zadanie5\Gry2D_zadanie4\main.cpp(516,55): warning C4267: "inicjowanie": konwersja z "size_t" do "int", możliwa utrata danych
C:\Users\Admin\Desktop\Nauka\Informatyka 2020\V semestr\projekty\sdl\Zadanie5\Gry2D_zadanie4\main.cpp(523,47): warning C4267: "=": konwersja z "size_t" do "int", możliwa utrata danych
  Gry2D_zadanie4.vcxproj -> C:\Users\Admin\Desktop\Nauka\Informatyka 2020\V semestr\projekty\sdl\Zadanie5\Gry2D_zadanie4\x64\Debug\Gry2D_zadanie5.exe
